<?xml version="1.0" encoding="UTF-8" ?>
<testsuite failures="0" time="2.59" errors="0" skipped="0" tests="8" name="com.maven.MyFirstMavenProject.MavenRunnerTest">
  <properties>
[...]
</properties>
  <testcase time="0.001" classname="Scenario: Maven application test" name="Given I want to check given in application"/>
  <testcase time="0.001" classname="Scenario: Maven application test" name="When I check when in application"/>
  <testcase time="0" classname="Scenario: Maven application test" name="Then it should check then in application"/>
  <testcase time="0.001" classname="Scenario: Maven application test" name="Scenario: Maven application test"/>
  <testcase time="0" classname="Scenario: Maven module test" name="Given I want to check given in module"/>
  <testcase time="0" classname="Scenario: Maven module test" name="When I check when in module"/>
  <testcase time="0" classname="Scenario: Maven module test" name="Then it should check then in module"/>
  <testcase time="0.001" classname="Scenario: Maven module test" name="Scenario: Maven module test"/>
</testsuite>